11:07:19.895 [main] DEBUG c.e.order.order.OrderProperties - version-> v1.0-default
11:07:19.895 [main] DEBUG c.e.order.order.OrderProperties - minimumOrderAmount->1
11:07:19.895 [main] DEBUG c.e.order.order.OrderProperties - supportVendors->[default]
11:07:19.895 [main] DEBUG c.e.order.order.OrderProperties - javaHome->C:\Program Files\Java\jdk-11.0.14
11:07:19.942 [main] INFO  com.example.order.LoggingTest - logger name=> com.example.order.LoggingTest
11:07:19.942 [main] INFO  com.example.order.LoggingTest - Version->v1.0-default
11:07:19.942 [main] INFO  com.example.order.LoggingTest - MinimumOrderAmount->1
11:07:19.942 [main] INFO  com.example.order.LoggingTest - supportVendors->[default]
11:07:19.942 [main] INFO  com.example.order.LoggingTest - description->line 1 default
line 2 default
[31m11:23:55.954[0;39m [main] DEBUG c.e.order.order.OrderProperties - version-> v1.0-default
[31m11:23:55.954[0;39m [main] DEBUG c.e.order.order.OrderProperties - minimumOrderAmount->1
[31m11:23:55.954[0;39m [main] DEBUG c.e.order.order.OrderProperties - supportVendors->[default]
[31m11:23:55.954[0;39m [main] DEBUG c.e.order.order.OrderProperties - javaHome->C:\Program Files\Java\jdk-11.0.14
[31m11:23:55.993[0;39m [main] INFO  com.example.order.LoggingTest - logger name=> com.example.order.LoggingTest
[31m11:23:55.993[0;39m [main] INFO  com.example.order.LoggingTest - Version->v1.0-default
[31m11:23:55.993[0;39m [main] INFO  com.example.order.LoggingTest - MinimumOrderAmount->1
[31m11:23:55.993[0;39m [main] INFO  com.example.order.LoggingTest - supportVendors->[default]
[31m11:23:55.993[0;39m [main] INFO  com.example.order.LoggingTest - description->line 1 default
line 2 default
11:28:54.974 [main] DEBUG c.e.order.order.OrderProperties - version-> v1.0-default
11:28:54.974 [main] DEBUG c.e.order.order.OrderProperties - minimumOrderAmount->1
11:28:54.974 [main] DEBUG c.e.order.order.OrderProperties - supportVendors->[default]
11:28:54.974 [main] DEBUG c.e.order.order.OrderProperties - javaHome->C:\Program Files\Java\jdk-11.0.14
11:28:55.021 [main] INFO  com.example.order.LoggingTest - logger name=> com.example.order.LoggingTest
11:28:55.021 [main] INFO  com.example.order.LoggingTest - Version->v1.0-default
11:28:55.021 [main] INFO  com.example.order.LoggingTest - MinimumOrderAmount->1
11:28:55.021 [main] INFO  com.example.order.LoggingTest - supportVendors->[default]
11:28:55.021 [main] INFO  com.example.order.LoggingTest - description->line 1 default
line 2 default
